<?xml version="1.0" encoding="UTF-8"?>
<testsuite xmlns:xsi="http://www.w3.org/2001/XMLSchema-instance" xsi:noNamespaceSchemaLocation="https://maven.apache.org/surefire/maven-surefire-plugin/xsd/surefire-test-report-3.0.xsd" version="3.0" name="edu.yu.cs.com1320.project.impl.TrieImplTest" time="0.003" tests="4" errors="0" skipped="0" failures="0">
  <properties>
[...]
</properties>
  <testcase name="deleteAllTest" classname="edu.yu.cs.com1320.project.impl.TrieImplTest" time="0"/>
  <testcase name="deleteAllWithPrefixTest" classname="edu.yu.cs.com1320.project.impl.TrieImplTest" time="0"/>
  <testcase name="getSortedTest" classname="edu.yu.cs.com1320.project.impl.TrieImplTest" time="0"/>
  <testcase name="deleteTest" classname="edu.yu.cs.com1320.project.impl.TrieImplTest" time="0"/>
</testsuite>